{"numFailedTestSuites":1,"numFailedTests":4,"numPassedTestSuites":0,"numPassedTests":5,"numPendingTestSuites":0,"numPendingTests":0,"numRuntimeErrorTestSuites":0,"numTodoTests":0,"numTotalTestSuites":1,"numTotalTests":9,"openHandles":[],"snapshot":{"added":0,"didUpdate":false,"failure":false,"filesAdded":0,"filesRemoved":0,"filesRemovedList":[],"filesUnmatched":0,"filesUpdated":0,"matched":0,"total":0,"unchecked":0,"uncheckedKeysByFile":[],"unmatched":0,"updated":0},"startTime":1768621820375,"success":false,"testResults":[{"assertionResults":[{"ancestorTitles":["JestParser","parseTestFile"],"duration":5,"failing":false,"failureDetails":[{"matcherResult":{"message":"expect(received).toHaveLength(expected)\n\nExpected length: 1\nReceived length: 2\nReceived array:  [{\"children\": [{\"fullName\": \"should add two numbers\", \"id\": \"_path_to_calculator.test.ts::Calculator::should add two numbers\", \"location\": {\"column\": 5, \"file\": \"/path/to/calculator.test.ts\", \"line\": 2}, \"name\": \"should add two numbers\", \"parentId\": \"_path_to_calculator.test.ts::Calculator\"}], \"id\": \"_path_to_calculator.test.ts::Calculator\", \"location\": {\"column\": 1, \"file\": \"/path/to/calculator.test.ts\", \"line\": 1}, \"name\": \"Calculator\", \"parentId\": \"_path_to_calculator.test.ts\"}, {\"fullName\": \"should subtract two numbers\", \"id\": \"_path_to_calculator.test.ts::should subtract two numbers\", \"location\": {\"column\": 5, \"file\": \"/path/to/calculator.test.ts\", \"line\": 5}, \"name\": \"should subtract two numbers\", \"parentId\": \"_path_to_calculator.test.ts\"}]","pass":false}}],"failureMessages":["Error: expect(received).toHaveLength(expected)\n\nExpected length: 1\nReceived length: 2\nReceived array:  [{\"children\": [{\"fullName\": \"should add two numbers\", \"id\": \"_path_to_calculator.test.ts::Calculator::should add two numbers\", \"location\": {\"column\": 5, \"file\": \"/path/to/calculator.test.ts\", \"line\": 2}, \"name\": \"should add two numbers\", \"parentId\": \"_path_to_calculator.test.ts::Calculator\"}], \"id\": \"_path_to_calculator.test.ts::Calculator\", \"location\": {\"column\": 1, \"file\": \"/path/to/calculator.test.ts\", \"line\": 1}, \"name\": \"Calculator\", \"parentId\": \"_path_to_calculator.test.ts\"}, {\"fullName\": \"should subtract two numbers\", \"id\": \"_path_to_calculator.test.ts::should subtract two numbers\", \"location\": {\"column\": 5, \"file\": \"/path/to/calculator.test.ts\", \"line\": 5}, \"name\": \"should subtract two numbers\", \"parentId\": \"_path_to_calculator.test.ts\"}]\n    at Object.<anonymous> (C:\\Users\\jhonb\\Documents\\VS Code extension\\Testr\\src\\adapters\\jest\\JestParser.test.ts:27:38)\n    at Promise.finally.completed (C:\\Users\\jhonb\\Documents\\VS Code extension\\Testr\\node_modules\\jest-circus\\build\\jestAdapterInit.js:1557:28)\n    at new Promise (<anonymous>)\n    at callAsyncCircusFn (C:\\Users\\jhonb\\Documents\\VS Code extension\\Testr\\node_modules\\jest-circus\\build\\jestAdapterInit.js:1497:10)\n    at _callCircusTest (C:\\Users\\jhonb\\Documents\\VS Code extension\\Testr\\node_modules\\jest-circus\\build\\jestAdapterInit.js:1007:40)\n    at _runTest (C:\\Users\\jhonb\\Documents\\VS Code extension\\Testr\\node_modules\\jest-circus\\build\\jestAdapterInit.js:947:3)\n    at C:\\Users\\jhonb\\Documents\\VS Code extension\\Testr\\node_modules\\jest-circus\\build\\jestAdapterInit.js:849:7\n    at _runTestsForDescribeBlock (C:\\Users\\jhonb\\Documents\\VS Code extension\\Testr\\node_modules\\jest-circus\\build\\jestAdapterInit.js:862:11)\n    at _runTestsForDescribeBlock (C:\\Users\\jhonb\\Documents\\VS Code extension\\Testr\\node_modules\\jest-circus\\build\\jestAdapterInit.js:857:11)\n    at _runTestsForDescribeBlock (C:\\Users\\jhonb\\Documents\\VS Code extension\\Testr\\node_modules\\jest-circus\\build\\jestAdapterInit.js:857:11)\n    at run (C:\\Users\\jhonb\\Documents\\VS Code extension\\Testr\\node_modules\\jest-circus\\build\\jestAdapterInit.js:761:3)\n    at runAndTransformResultsToJestFormat (C:\\Users\\jhonb\\Documents\\VS Code extension\\Testr\\node_modules\\jest-circus\\build\\jestAdapterInit.js:1918:21)\n    at jestAdapter (C:\\Users\\jhonb\\Documents\\VS Code extension\\Testr\\node_modules\\jest-circus\\build\\runner.js:101:19)\n    at runTestInternal (C:\\Users\\jhonb\\Documents\\VS Code extension\\Testr\\node_modules\\jest-runner\\build\\index.js:275:16)\n    at runTest (C:\\Users\\jhonb\\Documents\\VS Code extension\\Testr\\node_modules\\jest-runner\\build\\index.js:343:7)"],"fullName":"JestParser parseTestFile should parse a simple test file with describe and it blocks","invocations":1,"location":null,"numPassingAsserts":2,"retryReasons":[],"startAt":1768621822676,"status":"failed","title":"should parse a simple test file with describe and it blocks"},{"ancestorTitles":["JestParser","parseTestFile"],"duration":2,"failing":false,"failureDetails":[{"matcherResult":{"message":"expect(received).toHaveLength(expected)\n\nExpected length: 1\nReceived length: 2\nReceived array:  [{\"children\": [{\"children\": [{\"fullName\": \"should add positive numbers\", \"id\": \"_path_to_math.test.ts::Math::Addition::should add positive numbers\", \"location\": {\"column\": 9, \"file\": \"/path/to/math.test.ts\", \"line\": 3}, \"name\": \"should add positive numbers\", \"parentId\": \"_path_to_math.test.ts::Math::Addition\"}], \"id\": \"_path_to_math.test.ts::Math::Addition\", \"location\": {\"column\": 5, \"file\": \"/path/to/math.test.ts\", \"line\": 2}, \"name\": \"Addition\", \"parentId\": \"_path_to_math.test.ts::Math\"}], \"id\": \"_path_to_math.test.ts::Math\", \"location\": {\"column\": 1, \"file\": \"/path/to/math.test.ts\", \"line\": 1}, \"name\": \"Math\", \"parentId\": \"_path_to_math.test.ts\"}, {\"children\": [{\"fullName\": \"should subtract numbers\", \"id\": \"_path_to_math.test.ts::Subtraction::should subtract numbers\", \"location\": {\"column\": 9, \"file\": \"/path/to/math.test.ts\", \"line\": 6}, \"name\": \"should subtract numbers\", \"parentId\": \"_path_to_math.test.ts::Subtraction\"}], \"id\": \"_path_to_math.test.ts::Subtraction\", \"location\": {\"column\": 5, \"file\": \"/path/to/math.test.ts\", \"line\": 5}, \"name\": \"Subtraction\", \"parentId\": \"_path_to_math.test.ts\"}]","pass":false}}],"failureMessages":["Error: expect(received).toHaveLength(expected)\n\nExpected length: 1\nReceived length: 2\nReceived array:  [{\"children\": [{\"children\": [{\"fullName\": \"should add positive numbers\", \"id\": \"_path_to_math.test.ts::Math::Addition::should add positive numbers\", \"location\": {\"column\": 9, \"file\": \"/path/to/math.test.ts\", \"line\": 3}, \"name\": \"should add positive numbers\", \"parentId\": \"_path_to_math.test.ts::Math::Addition\"}], \"id\": \"_path_to_math.test.ts::Math::Addition\", \"location\": {\"column\": 5, \"file\": \"/path/to/math.test.ts\", \"line\": 2}, \"name\": \"Addition\", \"parentId\": \"_path_to_math.test.ts::Math\"}], \"id\": \"_path_to_math.test.ts::Math\", \"location\": {\"column\": 1, \"file\": \"/path/to/math.test.ts\", \"line\": 1}, \"name\": \"Math\", \"parentId\": \"_path_to_math.test.ts\"}, {\"children\": [{\"fullName\": \"should subtract numbers\", \"id\": \"_path_to_math.test.ts::Subtraction::should subtract numbers\", \"location\": {\"column\": 9, \"file\": \"/path/to/math.test.ts\", \"line\": 6}, \"name\": \"should subtract numbers\", \"parentId\": \"_path_to_math.test.ts::Subtraction\"}], \"id\": \"_path_to_math.test.ts::Subtraction\", \"location\": {\"column\": 5, \"file\": \"/path/to/math.test.ts\", \"line\": 5}, \"name\": \"Subtraction\", \"parentId\": \"_path_to_math.test.ts\"}]\n    at Object.<anonymous> (C:\\Users\\jhonb\\Documents\\VS Code extension\\Testr\\src\\adapters\\jest\\JestParser.test.ts:50:38)\n    at Promise.finally.completed (C:\\Users\\jhonb\\Documents\\VS Code extension\\Testr\\node_modules\\jest-circus\\build\\jestAdapterInit.js:1557:28)\n    at new Promise (<anonymous>)\n    at callAsyncCircusFn (C:\\Users\\jhonb\\Documents\\VS Code extension\\Testr\\node_modules\\jest-circus\\build\\jestAdapterInit.js:1497:10)\n    at _callCircusTest (C:\\Users\\jhonb\\Documents\\VS Code extension\\Testr\\node_modules\\jest-circus\\build\\jestAdapterInit.js:1007:40)\n    at _runTest (C:\\Users\\jhonb\\Documents\\VS Code extension\\Testr\\node_modules\\jest-circus\\build\\jestAdapterInit.js:947:3)\n    at C:\\Users\\jhonb\\Documents\\VS Code extension\\Testr\\node_modules\\jest-circus\\build\\jestAdapterInit.js:849:7\n    at _runTestsForDescribeBlock (C:\\Users\\jhonb\\Documents\\VS Code extension\\Testr\\node_modules\\jest-circus\\build\\jestAdapterInit.js:862:11)\n    at _runTestsForDescribeBlock (C:\\Users\\jhonb\\Documents\\VS Code extension\\Testr\\node_modules\\jest-circus\\build\\jestAdapterInit.js:857:11)\n    at _runTestsForDescribeBlock (C:\\Users\\jhonb\\Documents\\VS Code extension\\Testr\\node_modules\\jest-circus\\build\\jestAdapterInit.js:857:11)\n    at run (C:\\Users\\jhonb\\Documents\\VS Code extension\\Testr\\node_modules\\jest-circus\\build\\jestAdapterInit.js:761:3)\n    at runAndTransformResultsToJestFormat (C:\\Users\\jhonb\\Documents\\VS Code extension\\Testr\\node_modules\\jest-circus\\build\\jestAdapterInit.js:1918:21)\n    at jestAdapter (C:\\Users\\jhonb\\Documents\\VS Code extension\\Testr\\node_modules\\jest-circus\\build\\runner.js:101:19)\n    at runTestInternal (C:\\Users\\jhonb\\Documents\\VS Code extension\\Testr\\node_modules\\jest-runner\\build\\index.js:275:16)\n    at runTest (C:\\Users\\jhonb\\Documents\\VS Code extension\\Testr\\node_modules\\jest-runner\\build\\index.js:343:7)"],"fullName":"JestParser parseTestFile should parse nested describe blocks","invocations":1,"location":null,"numPassingAsserts":1,"retryReasons":[],"startAt":1768621822690,"status":"failed","title":"should parse nested describe blocks"},{"ancestorTitles":["JestParser","parseTestFile"],"duration":1,"failing":false,"failureDetails":[],"failureMessages":[],"fullName":"JestParser parseTestFile should return undefined for file with no tests","invocations":1,"location":null,"numPassingAsserts":1,"retryReasons":[],"startAt":1768621822692,"status":"passed","title":"should return undefined for file with no tests"},{"ancestorTitles":["JestParser","parseTestFile"],"duration":1,"failing":false,"failureDetails":[],"failureMessages":[],"fullName":"JestParser parseTestFile should parse test blocks using test() instead of it()","invocations":1,"location":null,"numPassingAsserts":2,"retryReasons":[],"startAt":1768621822693,"status":"passed","title":"should parse test blocks using test() instead of it()"},{"ancestorTitles":["JestParser","parseTestFile"],"duration":1,"failing":false,"failureDetails":[{"matcherResult":{"message":"expect(received).toHaveLength(expected)\n\nExpected length: 2\nReceived length: 1\nReceived array:  [{\"fullName\": \"with single quotes\", \"id\": \"_path_to_quotes.test.ts::with double quotes::with single quotes\", \"location\": {\"column\": 5, \"file\": \"/path/to/quotes.test.ts\", \"line\": 2}, \"name\": \"with single quotes\", \"parentId\": \"_path_to_quotes.test.ts::with double quotes\"}]","pass":false}}],"failureMessages":["Error: expect(received).toHaveLength(expected)\n\nExpected length: 2\nReceived length: 1\nReceived array:  [{\"fullName\": \"with single quotes\", \"id\": \"_path_to_quotes.test.ts::with double quotes::with single quotes\", \"location\": {\"column\": 5, \"file\": \"/path/to/quotes.test.ts\", \"line\": 2}, \"name\": \"with single quotes\", \"parentId\": \"_path_to_quotes.test.ts::with double quotes\"}]\n    at Object.<anonymous> (C:\\Users\\jhonb\\Documents\\VS Code extension\\Testr\\src\\adapters\\jest\\JestParser.test.ts:95:40)\n    at Promise.finally.completed (C:\\Users\\jhonb\\Documents\\VS Code extension\\Testr\\node_modules\\jest-circus\\build\\jestAdapterInit.js:1557:28)\n    at new Promise (<anonymous>)\n    at callAsyncCircusFn (C:\\Users\\jhonb\\Documents\\VS Code extension\\Testr\\node_modules\\jest-circus\\build\\jestAdapterInit.js:1497:10)\n    at _callCircusTest (C:\\Users\\jhonb\\Documents\\VS Code extension\\Testr\\node_modules\\jest-circus\\build\\jestAdapterInit.js:1007:40)\n    at _runTest (C:\\Users\\jhonb\\Documents\\VS Code extension\\Testr\\node_modules\\jest-circus\\build\\jestAdapterInit.js:947:3)\n    at C:\\Users\\jhonb\\Documents\\VS Code extension\\Testr\\node_modules\\jest-circus\\build\\jestAdapterInit.js:849:7\n    at _runTestsForDescribeBlock (C:\\Users\\jhonb\\Documents\\VS Code extension\\Testr\\node_modules\\jest-circus\\build\\jestAdapterInit.js:862:11)\n    at _runTestsForDescribeBlock (C:\\Users\\jhonb\\Documents\\VS Code extension\\Testr\\node_modules\\jest-circus\\build\\jestAdapterInit.js:857:11)\n    at _runTestsForDescribeBlock (C:\\Users\\jhonb\\Documents\\VS Code extension\\Testr\\node_modules\\jest-circus\\build\\jestAdapterInit.js:857:11)\n    at run (C:\\Users\\jhonb\\Documents\\VS Code extension\\Testr\\node_modules\\jest-circus\\build\\jestAdapterInit.js:761:3)\n    at runAndTransformResultsToJestFormat (C:\\Users\\jhonb\\Documents\\VS Code extension\\Testr\\node_modules\\jest-circus\\build\\jestAdapterInit.js:1918:21)\n    at jestAdapter (C:\\Users\\jhonb\\Documents\\VS Code extension\\Testr\\node_modules\\jest-circus\\build\\runner.js:101:19)\n    at runTestInternal (C:\\Users\\jhonb\\Documents\\VS Code extension\\Testr\\node_modules\\jest-runner\\build\\index.js:275:16)\n    at runTest (C:\\Users\\jhonb\\Documents\\VS Code extension\\Testr\\node_modules\\jest-runner\\build\\index.js:343:7)"],"fullName":"JestParser parseTestFile should handle different quote styles","invocations":1,"location":null,"numPassingAsserts":2,"retryReasons":[],"startAt":1768621822694,"status":"failed","title":"should handle different quote styles"},{"ancestorTitles":["JestParser","parseTestFile"],"duration":1,"failing":false,"failureDetails":[{"matcherResult":{"message":"expect(received).toHaveLength(expected)\n\nExpected length: 2\nReceived length: 1\nReceived array:  [{\"fullName\": \"skipped test\", \"id\": \"_path_to_modifiers.test.ts::focused suite::skipped test\", \"location\": {\"column\": 5, \"file\": \"/path/to/modifiers.test.ts\", \"line\": 2}, \"name\": \"skipped test\", \"parentId\": \"_path_to_modifiers.test.ts::focused suite\"}]","pass":false}}],"failureMessages":["Error: expect(received).toHaveLength(expected)\n\nExpected length: 2\nReceived length: 1\nReceived array:  [{\"fullName\": \"skipped test\", \"id\": \"_path_to_modifiers.test.ts::focused suite::skipped test\", \"location\": {\"column\": 5, \"file\": \"/path/to/modifiers.test.ts\", \"line\": 2}, \"name\": \"skipped test\", \"parentId\": \"_path_to_modifiers.test.ts::focused suite\"}]\n    at Object.<anonymous> (C:\\Users\\jhonb\\Documents\\VS Code extension\\Testr\\src\\adapters\\jest\\JestParser.test.ts:111:40)\n    at Promise.finally.completed (C:\\Users\\jhonb\\Documents\\VS Code extension\\Testr\\node_modules\\jest-circus\\build\\jestAdapterInit.js:1557:28)\n    at new Promise (<anonymous>)\n    at callAsyncCircusFn (C:\\Users\\jhonb\\Documents\\VS Code extension\\Testr\\node_modules\\jest-circus\\build\\jestAdapterInit.js:1497:10)\n    at _callCircusTest (C:\\Users\\jhonb\\Documents\\VS Code extension\\Testr\\node_modules\\jest-circus\\build\\jestAdapterInit.js:1007:40)\n    at _runTest (C:\\Users\\jhonb\\Documents\\VS Code extension\\Testr\\node_modules\\jest-circus\\build\\jestAdapterInit.js:947:3)\n    at C:\\Users\\jhonb\\Documents\\VS Code extension\\Testr\\node_modules\\jest-circus\\build\\jestAdapterInit.js:849:7\n    at _runTestsForDescribeBlock (C:\\Users\\jhonb\\Documents\\VS Code extension\\Testr\\node_modules\\jest-circus\\build\\jestAdapterInit.js:862:11)\n    at _runTestsForDescribeBlock (C:\\Users\\jhonb\\Documents\\VS Code extension\\Testr\\node_modules\\jest-circus\\build\\jestAdapterInit.js:857:11)\n    at _runTestsForDescribeBlock (C:\\Users\\jhonb\\Documents\\VS Code extension\\Testr\\node_modules\\jest-circus\\build\\jestAdapterInit.js:857:11)\n    at run (C:\\Users\\jhonb\\Documents\\VS Code extension\\Testr\\node_modules\\jest-circus\\build\\jestAdapterInit.js:761:3)\n    at runAndTransformResultsToJestFormat (C:\\Users\\jhonb\\Documents\\VS Code extension\\Testr\\node_modules\\jest-circus\\build\\jestAdapterInit.js:1918:21)\n    at jestAdapter (C:\\Users\\jhonb\\Documents\\VS Code extension\\Testr\\node_modules\\jest-circus\\build\\runner.js:101:19)\n    at runTestInternal (C:\\Users\\jhonb\\Documents\\VS Code extension\\Testr\\node_modules\\jest-runner\\build\\index.js:275:16)\n    at runTest (C:\\Users\\jhonb\\Documents\\VS Code extension\\Testr\\node_modules\\jest-runner\\build\\index.js:343:7)"],"fullName":"JestParser parseTestFile should parse describe.only and test.skip modifiers","invocations":1,"location":null,"numPassingAsserts":2,"retryReasons":[],"startAt":1768621822695,"status":"failed","title":"should parse describe.only and test.skip modifiers"},{"ancestorTitles":["JestParser","parseTestFile"],"duration":1,"failing":false,"failureDetails":[],"failureMessages":[],"fullName":"JestParser parseTestFile should correctly set line and column numbers","invocations":1,"location":null,"numPassingAsserts":3,"retryReasons":[],"startAt":1768621822696,"status":"passed","title":"should correctly set line and column numbers"},{"ancestorTitles":["JestParser","generateId"],"duration":1,"failing":false,"failureDetails":[],"failureMessages":[],"fullName":"JestParser generateId should generate a valid ID from file path","invocations":1,"location":null,"numPassingAsserts":4,"retryReasons":[],"startAt":1768621822697,"status":"passed","title":"should generate a valid ID from file path"},{"ancestorTitles":["JestParser","nested test IDs"],"duration":1,"failing":false,"failureDetails":[],"failureMessages":[],"fullName":"JestParser nested test IDs should create hierarchical IDs","invocations":1,"location":null,"numPassingAsserts":4,"retryReasons":[],"startAt":1768621822698,"status":"passed","title":"should create hierarchical IDs"}],"endTime":1768621822723,"message":"  ● JestParser › parseTestFile › should parse a simple test file with describe and it blocks\n\n    expect(received).toHaveLength(expected)\n\n    Expected length: 1\n    Received length: 2\n    Received array:  [{\"children\": [{\"fullName\": \"should add two numbers\", \"id\": \"_path_to_calculator.test.ts::Calculator::should add two numbers\", \"location\": {\"column\": 5, \"file\": \"/path/to/calculator.test.ts\", \"line\": 2}, \"name\": \"should add two numbers\", \"parentId\": \"_path_to_calculator.test.ts::Calculator\"}], \"id\": \"_path_to_calculator.test.ts::Calculator\", \"location\": {\"column\": 1, \"file\": \"/path/to/calculator.test.ts\", \"line\": 1}, \"name\": \"Calculator\", \"parentId\": \"_path_to_calculator.test.ts\"}, {\"fullName\": \"should subtract two numbers\", \"id\": \"_path_to_calculator.test.ts::should subtract two numbers\", \"location\": {\"column\": 5, \"file\": \"/path/to/calculator.test.ts\", \"line\": 5}, \"name\": \"should subtract two numbers\", \"parentId\": \"_path_to_calculator.test.ts\"}]\n\n    \u001b[0m \u001b[90m 25 |\u001b[39m             expect(result)\u001b[33m.\u001b[39mtoBeDefined()\u001b[33m;\u001b[39m\n     \u001b[90m 26 |\u001b[39m             expect(result\u001b[33m?\u001b[39m\u001b[33m.\u001b[39mname)\u001b[33m.\u001b[39mtoBe(\u001b[32m'calculator.test.ts'\u001b[39m)\u001b[33m;\u001b[39m\n    \u001b[31m\u001b[1m>\u001b[22m\u001b[39m\u001b[90m 27 |\u001b[39m             expect(result\u001b[33m?\u001b[39m\u001b[33m.\u001b[39mchildren)\u001b[33m.\u001b[39mtoHaveLength(\u001b[35m1\u001b[39m)\u001b[33m;\u001b[39m\n     \u001b[90m    |\u001b[39m                                      \u001b[31m\u001b[1m^\u001b[22m\u001b[39m\n     \u001b[90m 28 |\u001b[39m\n     \u001b[90m 29 |\u001b[39m             \u001b[36mconst\u001b[39m describeBlock \u001b[33m=\u001b[39m result\u001b[33m?\u001b[39m\u001b[33m.\u001b[39mchildren[\u001b[35m0\u001b[39m]\u001b[33m;\u001b[39m\n     \u001b[90m 30 |\u001b[39m             expect(describeBlock\u001b[33m?\u001b[39m\u001b[33m.\u001b[39mname)\u001b[33m.\u001b[39mtoBe(\u001b[32m'Calculator'\u001b[39m)\u001b[33m;\u001b[39m\u001b[0m\n\n      at Object.<anonymous> (src/adapters/jest/JestParser.test.ts:27:38)\n\n  ● JestParser › parseTestFile › should parse nested describe blocks\n\n    expect(received).toHaveLength(expected)\n\n    Expected length: 1\n    Received length: 2\n    Received array:  [{\"children\": [{\"children\": [{\"fullName\": \"should add positive numbers\", \"id\": \"_path_to_math.test.ts::Math::Addition::should add positive numbers\", \"location\": {\"column\": 9, \"file\": \"/path/to/math.test.ts\", \"line\": 3}, \"name\": \"should add positive numbers\", \"parentId\": \"_path_to_math.test.ts::Math::Addition\"}], \"id\": \"_path_to_math.test.ts::Math::Addition\", \"location\": {\"column\": 5, \"file\": \"/path/to/math.test.ts\", \"line\": 2}, \"name\": \"Addition\", \"parentId\": \"_path_to_math.test.ts::Math\"}], \"id\": \"_path_to_math.test.ts::Math\", \"location\": {\"column\": 1, \"file\": \"/path/to/math.test.ts\", \"line\": 1}, \"name\": \"Math\", \"parentId\": \"_path_to_math.test.ts\"}, {\"children\": [{\"fullName\": \"should subtract numbers\", \"id\": \"_path_to_math.test.ts::Subtraction::should subtract numbers\", \"location\": {\"column\": 9, \"file\": \"/path/to/math.test.ts\", \"line\": 6}, \"name\": \"should subtract numbers\", \"parentId\": \"_path_to_math.test.ts::Subtraction\"}], \"id\": \"_path_to_math.test.ts::Subtraction\", \"location\": {\"column\": 5, \"file\": \"/path/to/math.test.ts\", \"line\": 5}, \"name\": \"Subtraction\", \"parentId\": \"_path_to_math.test.ts\"}]\n\n    \u001b[0m \u001b[90m 48 |\u001b[39m\n     \u001b[90m 49 |\u001b[39m             expect(result)\u001b[33m.\u001b[39mtoBeDefined()\u001b[33m;\u001b[39m\n    \u001b[31m\u001b[1m>\u001b[22m\u001b[39m\u001b[90m 50 |\u001b[39m             expect(result\u001b[33m?\u001b[39m\u001b[33m.\u001b[39mchildren)\u001b[33m.\u001b[39mtoHaveLength(\u001b[35m1\u001b[39m)\u001b[33m;\u001b[39m\n     \u001b[90m    |\u001b[39m                                      \u001b[31m\u001b[1m^\u001b[22m\u001b[39m\n     \u001b[90m 51 |\u001b[39m\n     \u001b[90m 52 |\u001b[39m             \u001b[36mconst\u001b[39m mathBlock \u001b[33m=\u001b[39m result\u001b[33m?\u001b[39m\u001b[33m.\u001b[39mchildren[\u001b[35m0\u001b[39m]\u001b[33m;\u001b[39m\n     \u001b[90m 53 |\u001b[39m             expect(mathBlock\u001b[33m?\u001b[39m\u001b[33m.\u001b[39mname)\u001b[33m.\u001b[39mtoBe(\u001b[32m'Math'\u001b[39m)\u001b[33m;\u001b[39m\u001b[0m\n\n      at Object.<anonymous> (src/adapters/jest/JestParser.test.ts:50:38)\n\n  ● JestParser › parseTestFile › should handle different quote styles\n\n    expect(received).toHaveLength(expected)\n\n    Expected length: 2\n    Received length: 1\n    Received array:  [{\"fullName\": \"with single quotes\", \"id\": \"_path_to_quotes.test.ts::with double quotes::with single quotes\", \"location\": {\"column\": 5, \"file\": \"/path/to/quotes.test.ts\", \"line\": 2}, \"name\": \"with single quotes\", \"parentId\": \"_path_to_quotes.test.ts::with double quotes\"}]\n\n    \u001b[0m \u001b[90m 93 |\u001b[39m             expect(suite\u001b[33m?\u001b[39m\u001b[33m.\u001b[39mname)\u001b[33m.\u001b[39mtoBe(\u001b[32m'with double quotes'\u001b[39m)\u001b[33m;\u001b[39m\n     \u001b[90m 94 |\u001b[39m             \u001b[36mif\u001b[39m (\u001b[32m'children'\u001b[39m \u001b[36min\u001b[39m suite\u001b[33m!\u001b[39m) {\n    \u001b[31m\u001b[1m>\u001b[22m\u001b[39m\u001b[90m 95 |\u001b[39m                 expect(suite\u001b[33m.\u001b[39mchildren)\u001b[33m.\u001b[39mtoHaveLength(\u001b[35m2\u001b[39m)\u001b[33m;\u001b[39m\n     \u001b[90m    |\u001b[39m                                        \u001b[31m\u001b[1m^\u001b[22m\u001b[39m\n     \u001b[90m 96 |\u001b[39m             }\n     \u001b[90m 97 |\u001b[39m         })\u001b[33m;\u001b[39m\n     \u001b[90m 98 |\u001b[39m\u001b[0m\n\n      at Object.<anonymous> (src/adapters/jest/JestParser.test.ts:95:40)\n\n  ● JestParser › parseTestFile › should parse describe.only and test.skip modifiers\n\n    expect(received).toHaveLength(expected)\n\n    Expected length: 2\n    Received length: 1\n    Received array:  [{\"fullName\": \"skipped test\", \"id\": \"_path_to_modifiers.test.ts::focused suite::skipped test\", \"location\": {\"column\": 5, \"file\": \"/path/to/modifiers.test.ts\", \"line\": 2}, \"name\": \"skipped test\", \"parentId\": \"_path_to_modifiers.test.ts::focused suite\"}]\n\n    \u001b[0m \u001b[90m 109 |\u001b[39m             expect(suite\u001b[33m?\u001b[39m\u001b[33m.\u001b[39mname)\u001b[33m.\u001b[39mtoBe(\u001b[32m'focused suite'\u001b[39m)\u001b[33m;\u001b[39m\n     \u001b[90m 110 |\u001b[39m             \u001b[36mif\u001b[39m (\u001b[32m'children'\u001b[39m \u001b[36min\u001b[39m suite\u001b[33m!\u001b[39m) {\n    \u001b[31m\u001b[1m>\u001b[22m\u001b[39m\u001b[90m 111 |\u001b[39m                 expect(suite\u001b[33m.\u001b[39mchildren)\u001b[33m.\u001b[39mtoHaveLength(\u001b[35m2\u001b[39m)\u001b[33m;\u001b[39m\n     \u001b[90m     |\u001b[39m                                        \u001b[31m\u001b[1m^\u001b[22m\u001b[39m\n     \u001b[90m 112 |\u001b[39m             }\n     \u001b[90m 113 |\u001b[39m         })\u001b[33m;\u001b[39m\n     \u001b[90m 114 |\u001b[39m\u001b[0m\n\n      at Object.<anonymous> (src/adapters/jest/JestParser.test.ts:111:40)\n","name":"C:\\Users\\jhonb\\Documents\\VS Code extension\\Testr\\src\\adapters\\jest\\JestParser.test.ts","startTime":1768621820629,"status":"failed","summary":""}],"wasInterrupted":false}
